05-Sep-2016 09:44:10.813 INFO [main] org.apache.catalina.core.AprLifecycleListener.init The APR based Apache Tomcat Native library which allows optimal performance in production environments was not found on the java.library.path: F:\jdk1.8.0_65_x64\jdk1.8.0_65_x64\bin;C:\WINDOWS\Sun\Java\bin;C:\WINDOWS\system32;C:\WINDOWS;D:\oracle\product\10.2.0\db_1\bin;D:\app\Admin\product\11.2.0\dbhome_1\bin;C:\Program Files (x86)\AMD APP\bin\x86_64;C:\Program Files (x86)\AMD APP\bin\x86;C:\WINDOWS\system32;C:\WINDOWS;C:\WINDOWS\System32\Wbem;C:\WINDOWS\System32\WindowsPowerShell\v1.0\;C:\Program Files (x86)\ATI Technologies\ATI.ACE\Core-Static;C:\Program Files\TortoiseSVN\bin;F:\jdk1.8.0_65_x64\jdk1.8.0_65_x64\bin;F:\javaEE\Svn_Maven\maven\maven\apache-maven-3.2.5\bin;.
05-Sep-2016 09:44:11.142 INFO [main] org.apache.coyote.AbstractProtocol.init Initializing ProtocolHandler ["http-nio-8080"]
05-Sep-2016 09:44:11.267 INFO [main] org.apache.tomcat.util.net.NioSelectorPool.getSharedSelector Using a shared selector for servlet write/read
05-Sep-2016 09:44:11.267 INFO [main] org.apache.coyote.AbstractProtocol.init Initializing ProtocolHandler ["ajp-nio-8009"]
05-Sep-2016 09:44:11.282 INFO [main] org.apache.tomcat.util.net.NioSelectorPool.getSharedSelector Using a shared selector for servlet write/read
05-Sep-2016 09:44:11.282 INFO [main] org.apache.catalina.startup.Catalina.load Initialization processed in 909 ms
05-Sep-2016 09:44:11.313 INFO [main] org.apache.catalina.core.StandardService.startInternal Starting service Catalina
05-Sep-2016 09:44:11.313 INFO [main] org.apache.catalina.core.StandardEngine.startInternal Starting Servlet Engine: Apache Tomcat/8.0.9
05-Sep-2016 09:44:11.345 INFO [localhost-startStop-1] org.apache.catalina.startup.HostConfig.deployWAR Deploying web application archive F:\javaEE\servlet\apache-tomcat-8.0.9\webapps\OA-0.0.1-SNAPSHOT.war
05-Sep-2016 09:44:12.282 INFO [localhost-startStop-1] org.apache.catalina.util.SessionIdGenerator.createSecureRandom Creation of SecureRandom instance for session ID generation using [SHA1PRNG] took [140] milliseconds.
05-Sep-2016 09:44:12.298 INFO [localhost-startStop-1] org.apache.catalina.startup.HostConfig.deployWAR Deployment of web application archive F:\javaEE\servlet\apache-tomcat-8.0.9\webapps\OA-0.0.1-SNAPSHOT.war has finished in 953 ms
05-Sep-2016 09:44:12.329 INFO [localhost-startStop-1] org.apache.catalina.startup.HostConfig.deployWAR Deploying web application archive F:\javaEE\servlet\apache-tomcat-8.0.9\webapps\oa.war
05-Sep-2016 09:44:18.848 INFO [localhost-startStop-1] org.apache.catalina.startup.HostConfig.deployWAR Deployment of web application archive F:\javaEE\servlet\apache-tomcat-8.0.9\webapps\oa.war has finished in 6,519 ms
05-Sep-2016 09:44:18.864 INFO [localhost-startStop-1] org.apache.catalina.startup.HostConfig.deployWAR Deploying web application archive F:\javaEE\servlet\apache-tomcat-8.0.9\webapps\OA_App.war
05-Sep-2016 09:44:59.116 WARNING [localhost-startStop-1] net.sf.ehcache.config.ConfigurationFactory.parseConfiguration No configuration found. Configuring ehcache from ehcache-failsafe.xml  found in the classpath: jar:file:/F:/javaEE/servlet/apache-tomcat-8.0.9/webapps/OA_App/WEB-INF/lib/ehcache-core-2.4.3.jar!/ehcache-failsafe.xml
05-Sep-2016 09:45:04.304 INFO [net.sf.ehcache.CacheManager@7253ac97] net.sf.ehcache.util.UpdateChecker.doCheck New update(s) found: 2.4.7 [http://www.terracotta.org/confluence/display/release/Release+Notes+Ehcache+Core+2.4]. Please check http://ehcache.org for the latest version.
05-Sep-2016 09:45:33.102 INFO [localhost-startStop-1] org.apache.catalina.startup.HostConfig.deployWAR Deployment of web application archive F:\javaEE\servlet\apache-tomcat-8.0.9\webapps\OA_App.war has finished in 74,238 ms
05-Sep-2016 09:45:33.133 INFO [localhost-startStop-1] org.apache.catalina.startup.HostConfig.deployWAR Deploying web application archive F:\javaEE\servlet\apache-tomcat-8.0.9\webapps\struts2-blank.war
05-Sep-2016 09:45:36.805 INFO [localhost-startStop-1] org.apache.catalina.startup.HostConfig.deployWAR Deployment of web application archive F:\javaEE\servlet\apache-tomcat-8.0.9\webapps\struts2-blank.war has finished in 3,672 ms
05-Sep-2016 09:45:36.805 INFO [localhost-startStop-1] org.apache.catalina.startup.HostConfig.deployDirectory Deploying web application directory F:\javaEE\servlet\apache-tomcat-8.0.9\webapps\docs
05-Sep-2016 09:45:37.149 INFO [localhost-startStop-1] org.apache.catalina.startup.HostConfig.deployDirectory Deployment of web application directory F:\javaEE\servlet\apache-tomcat-8.0.9\webapps\docs has finished in 344 ms
05-Sep-2016 09:45:37.149 INFO [localhost-startStop-1] org.apache.catalina.startup.HostConfig.deployDirectory Deploying web application directory F:\javaEE\servlet\apache-tomcat-8.0.9\webapps\examples
05-Sep-2016 09:45:37.993 INFO [localhost-startStop-1] org.apache.catalina.startup.HostConfig.deployDirectory Deployment of web application directory F:\javaEE\servlet\apache-tomcat-8.0.9\webapps\examples has finished in 844 ms
05-Sep-2016 09:45:37.993 INFO [localhost-startStop-1] org.apache.catalina.startup.HostConfig.deployDirectory Deploying web application directory F:\javaEE\servlet\apache-tomcat-8.0.9\webapps\host-manager
05-Sep-2016 09:45:38.071 INFO [localhost-startStop-1] org.apache.catalina.startup.HostConfig.deployDirectory Deployment of web application directory F:\javaEE\servlet\apache-tomcat-8.0.9\webapps\host-manager has finished in 78 ms
05-Sep-2016 09:45:38.071 INFO [localhost-startStop-1] org.apache.catalina.startup.HostConfig.deployDirectory Deploying web application directory F:\javaEE\servlet\apache-tomcat-8.0.9\webapps\manager
05-Sep-2016 09:45:38.149 INFO [localhost-startStop-1] org.apache.catalina.startup.HostConfig.deployDirectory Deployment of web application directory F:\javaEE\servlet\apache-tomcat-8.0.9\webapps\manager has finished in 78 ms
05-Sep-2016 09:45:38.149 INFO [localhost-startStop-1] org.apache.catalina.startup.HostConfig.deployDirectory Deploying web application directory F:\javaEE\servlet\apache-tomcat-8.0.9\webapps\ROOT
05-Sep-2016 09:45:38.180 INFO [localhost-startStop-1] org.apache.catalina.startup.HostConfig.deployDirectory Deployment of web application directory F:\javaEE\servlet\apache-tomcat-8.0.9\webapps\ROOT has finished in 31 ms
05-Sep-2016 09:45:38.211 INFO [main] org.apache.coyote.AbstractProtocol.start Starting ProtocolHandler ["http-nio-8080"]
05-Sep-2016 09:45:38.227 INFO [main] org.apache.coyote.AbstractProtocol.start Starting ProtocolHandler ["ajp-nio-8009"]
05-Sep-2016 09:45:38.243 INFO [main] org.apache.catalina.startup.Catalina.start Server startup in 86960 ms
