

***********************************************************************
Fatal NI connect error 12543, connecting to:
 (DESCRIPTION=(ADDRESS=(PROTOCOL=TCP)(HOST=192.168.10.48)(PORT=1522))(CONNECT_DATA=(SERVER=DEDICATED)(SERVICE_NAME=orcl)(CID=(PROGRAM=F:\java??????\Oracle\PLSQL?Developer?8.0.3.1510\plsqldev.exe)(HOST=ADMIN-PC)(USER=Admin))))

  VERSION INFORMATION:
	TNS for 32-bit Windows: Version 10.2.0.3.0 - Production
	Windows NT TCP/IP NT Protocol Adapter for 32-bit Windows: Version 10.2.0.3.0 - Production
  Time: 15-7月 -2016 11:23:08
  Tracing not turned on.
  Tns error struct:
    ns main err code: 12543
    TNS-12543: TNS: 无法连接目标主机
    ns secondary err code: 12560
    nt main err code: 513
    TNS-00513: 不能连接的终点主机
    nt secondary err code: 51
    nt OS err code: 0


***********************************************************************
Fatal NI connect error 12541, connecting to:
 (DESCRIPTION=(ADDRESS=(PROTOCOL=TCP)(HOST=192.168.10.48)(PORT=1522))(CONNECT_DATA=(SERVER=DEDICATED)(SERVICE_NAME=orcl)(CID=(PROGRAM=F:\java??????\Oracle\PLSQL?Developer?8.0.3.1510\plsqldev.exe)(HOST=ADMIN-PC)(USER=Admin))))

  VERSION INFORMATION:
	TNS for 32-bit Windows: Version 10.2.0.3.0 - Production
	Windows NT TCP/IP NT Protocol Adapter for 32-bit Windows: Version 10.2.0.3.0 - Production
  Time: 15-7月 -2016 11:24:24
  Tracing not turned on.
  Tns error struct:
    ns main err code: 12541
    TNS-12541: TNS: 无监听程序
    ns secondary err code: 12560
    nt main err code: 511
    TNS-00511: 无监听程序
    nt secondary err code: 61
    nt OS err code: 0


***********************************************************************
Fatal NI connect error 12541, connecting to:
 (DESCRIPTION=(ADDRESS=(PROTOCOL=TCP)(HOST=192.168.10.48)(PORT=1522))(CONNECT_DATA=(SERVER=DEDICATED)(SERVICE_NAME=orcl)(CID=(PROGRAM=F:\java??????\Oracle\PLSQL?Developer?8.0.3.1510\plsqldev.exe)(HOST=ADMIN-PC)(USER=Admin))))

  VERSION INFORMATION:
	TNS for 32-bit Windows: Version 10.2.0.3.0 - Production
	Windows NT TCP/IP NT Protocol Adapter for 32-bit Windows: Version 10.2.0.3.0 - Production
  Time: 15-7月 -2016 11:24:31
  Tracing not turned on.
  Tns error struct:
    ns main err code: 12541
    TNS-12541: TNS: 无监听程序
    ns secondary err code: 12560
    nt main err code: 511
    TNS-00511: 无监听程序
    nt secondary err code: 61
    nt OS err code: 0


***********************************************************************
Fatal NI connect error 12541, connecting to:
 (DESCRIPTION=(ADDRESS=(PROTOCOL=TCP)(HOST=192.168.10.48)(PORT=1522))(CONNECT_DATA=(SERVER=DEDICATED)(SERVICE_NAME=orcl)(CID=(PROGRAM=F:\java??????\Oracle\PLSQL?Developer?8.0.3.1510\plsqldev.exe)(HOST=ADMIN-PC)(USER=Admin))))

  VERSION INFORMATION:
	TNS for 32-bit Windows: Version 10.2.0.3.0 - Production
	Windows NT TCP/IP NT Protocol Adapter for 32-bit Windows: Version 10.2.0.3.0 - Production
  Time: 15-7月 -2016 11:24:53
  Tracing not turned on.
  Tns error struct:
    ns main err code: 12541
    TNS-12541: TNS: 无监听程序
    ns secondary err code: 12560
    nt main err code: 511
    TNS-00511: 无监听程序
    nt secondary err code: 61
    nt OS err code: 0


***********************************************************************
Fatal NI connect error 12541, connecting to:
 (DESCRIPTION=(ADDRESS=(PROTOCOL=TCP)(HOST=192.168.10.48)(PORT=1522))(CONNECT_DATA=(SERVER=DEDICATED)(SERVICE_NAME=orcl)(CID=(PROGRAM=F:\java??????\Oracle\PLSQL?Developer?8.0.3.1510\plsqldev.exe)(HOST=ADMIN-PC)(USER=Admin))))

  VERSION INFORMATION:
	TNS for 32-bit Windows: Version 10.2.0.3.0 - Production
	Windows NT TCP/IP NT Protocol Adapter for 32-bit Windows: Version 10.2.0.3.0 - Production
  Time: 15-7月 -2016 11:25:03
  Tracing not turned on.
  Tns error struct:
    ns main err code: 12541
    TNS-12541: TNS: 无监听程序
    ns secondary err code: 12560
    nt main err code: 511
    TNS-00511: 无监听程序
    nt secondary err code: 61
    nt OS err code: 0


***********************************************************************
Fatal NI connect error 12541, connecting to:
 (DESCRIPTION=(ADDRESS=(PROTOCOL=TCP)(HOST=192.168.10.48)(PORT=1522))(CONNECT_DATA=(SERVER=DEDICATED)(SERVICE_NAME=orcl)(CID=(PROGRAM=F:\java??????\Oracle\PLSQL?Developer?8.0.3.1510\plsqldev.exe)(HOST=ADMIN-PC)(USER=Admin))))

  VERSION INFORMATION:
	TNS for 32-bit Windows: Version 10.2.0.3.0 - Production
	Windows NT TCP/IP NT Protocol Adapter for 32-bit Windows: Version 10.2.0.3.0 - Production
  Time: 15-7月 -2016 11:25:11
  Tracing not turned on.
  Tns error struct:
    ns main err code: 12541
    TNS-12541: TNS: 无监听程序
    ns secondary err code: 12560
    nt main err code: 511
    TNS-00511: 无监听程序
    nt secondary err code: 61
    nt OS err code: 0
